<?xml version="1.0" encoding="UTF-8"?>
<!-- Generated by org.testng.reporters.JUnitReportReporter -->
<testsuite hostname="DESKTOP-NVISI2T" failures="0" tests="1" name="testCases.VerifyValidLogin" time="15.526" errors="0" timestamp="2024-07-06T08:38:07 IST" skipped="0">
  <testcase classname="testCases.VerifyValidLogin" name="verifyValidLogin" time="15.526"/>
  <system-out/>
</testsuite> <!-- testCases.VerifyValidLogin -->
